生成启动时间为 10/29/2015 5:30:39 PM。
     1>项目“C:\Projects\Breath_Cancer\DICOM2PIC\DICOM2PIC.vcxproj”在节点 2 上(build 个目标)。
       项目文件包含 ToolsVersion="14.0"。此工具集可能未知或缺失。在这种情况下，通过安装 MSBuild 的正确版本，或许可以解决此问题。否则，该 build 可能已因策略原因而被强制为某个特定 ToolsVersion。将该项目视为其已具有 ToolsVersion="4.0"。有关详细信息，请参阅 http://go.microsoft.com/fwlink/?LinkId=291333。
     1>InitializeBuildStatus:
         正在对“Debug\DICOM2PIC.unsuccessfulbuild”执行 Touch 任务。
       ClCompile:
         所有输出均为最新。
         C:\Program Files (x86)\Microsoft Visual Studio 10.0\VC\bin\CL.exe /c /I..\include\include /ZI /nologo /W3 /WX- /Od /Oy- /D WIN32 /D _WINDOWS /D _DEBUG /D _MBCS /Gm /EHsc /RTC1 /MTd /GS /fp:precise /Zc:wchar_t /Zc:forScope /Yc"StdAfx.h" /Fp"Debug\DICOM2PIC.pch" /Fo"Debug\\" /Fd"Debug\vc100.pdb" /Gd /TP /analyze- /errorReport:prompt stdafx.cpp
         stdafx.cpp
         C:\Program Files (x86)\Microsoft Visual Studio 10.0\VC\bin\CL.exe /c /I..\include\include /ZI /nologo /W3 /WX- /Od /Oy- /D WIN32 /D _WINDOWS /D _DEBUG /D _MBCS /Gm /EHsc /RTC1 /MTd /GS /fp:precise /Zc:wchar_t /Zc:forScope /Yu"StdAfx.h" /Fp"Debug\DICOM2PIC.pch" /Fo"Debug\\" /Fd"Debug\vc100.pdb" /Gd /TP /analyze- /errorReport:prompt DICOM2PIC.cpp DICOM2PICDlg.cpp
         DICOM2PICDlg.cpp
     1>c:\projects\breath_cancer\dicom2pic\dicom2picdlg.cpp(413): warning C4800: “BOOL”: 将值强制为布尔值“true”或“false”(性能警告)
         DICOM2PIC.cpp
         正在生成代码...
       ResourceCompile:
         所有输出均为最新。
       ManifestResourceCompile:
         所有输出均为最新。
       Link:
         C:\Program Files (x86)\Microsoft Visual Studio 10.0\VC\bin\link.exe /ERRORREPORT:PROMPT /OUT:"c:\Projects\Breath_Cancer\Debug\DICOM2PIC.exe" /INCREMENTAL /NOLOGO /LIBPATH:..\lib\Debug kernel32.lib user32.lib gdi32.lib winspool.lib shell32.lib ole32.lib oleaut32.lib uuid.lib comdlg32.lib advapi32.lib dcmjpeg.lib ijg8.lib ijg12.lib ijg16.lib dcmimage.lib dcmimgle.lib dcmdata.lib oflog.lib ofstd.lib ws2_32.lib netapi32.lib wsock32.lib /MANIFEST /ManifestFile:"Debug\DICOM2PIC.exe.intermediate.manifest" /MANIFESTUAC:"level='asInvoker' uiAccess='false'" /DEBUG /PDB:"c:\Projects\Breath_Cancer\Debug\DICOM2PIC.pdb" /SUBSYSTEM:WINDOWS /TLBID:1 /DYNAMICBASE /NXCOMPAT /IMPLIB:"c:\Projects\Breath_Cancer\Debug\DICOM2PIC.lib" /MACHINE:X86 Debug\DICOM2PIC.res
         Debug\DICOM2PIC.exe.embed.manifest.res
         Debug\DICOM2PIC.obj
         Debug\DICOM2PICDlg.obj
         Debug\stdafx.obj
       Manifest:
         C:\Program Files (x86)\Microsoft SDKs\Windows\v7.0A\bin\mt.exe /nologo /verbose /out:"Debug\DICOM2PIC.exe.embed.manifest" /manifest Debug\DICOM2PIC.exe.intermediate.manifest
         C:\Program Files (x86)\Microsoft SDKs\Windows\v7.0A\bin\rc.exe /nologo /fo"Debug\DICOM2PIC.exe.embed.manifest.res" Debug\DICOM2PIC_manifest.rc 
       LinkEmbedManifest:
         C:\Program Files (x86)\Microsoft Visual Studio 10.0\VC\bin\link.exe /ERRORREPORT:PROMPT /OUT:"c:\Projects\Breath_Cancer\Debug\DICOM2PIC.exe" /INCREMENTAL /NOLOGO /LIBPATH:..\lib\Debug kernel32.lib user32.lib gdi32.lib winspool.lib shell32.lib ole32.lib oleaut32.lib uuid.lib comdlg32.lib advapi32.lib dcmjpeg.lib ijg8.lib ijg12.lib ijg16.lib dcmimage.lib dcmimgle.lib dcmdata.lib oflog.lib ofstd.lib ws2_32.lib netapi32.lib wsock32.lib /MANIFEST /ManifestFile:"Debug\DICOM2PIC.exe.intermediate.manifest" /MANIFESTUAC:"level='asInvoker' uiAccess='false'" /DEBUG /PDB:"c:\Projects\Breath_Cancer\Debug\DICOM2PIC.pdb" /SUBSYSTEM:WINDOWS /TLBID:1 /DYNAMICBASE /NXCOMPAT /IMPLIB:"c:\Projects\Breath_Cancer\Debug\DICOM2PIC.lib" /MACHINE:X86 Debug\DICOM2PIC.res
         Debug\DICOM2PIC.exe.embed.manifest.res
         Debug\DICOM2PIC.obj
         Debug\DICOM2PICDlg.obj
         Debug\stdafx.obj
         DICOM2PIC.vcxproj -> c:\Projects\Breath_Cancer\Debug\DICOM2PIC.exe
       FinalizeBuildStatus:
         正在删除文件“Debug\DICOM2PIC.unsuccessfulbuild”。
         正在对“Debug\DICOM2PIC.lastbuildstate”执行 Touch 任务。
     1>已完成生成项目“C:\Projects\Breath_Cancer\DICOM2PIC\DICOM2PIC.vcxproj”(build 个目标)的操作。

生成成功。

已用时间 00:00:14.72
